<?xml version="1.0" encoding="UTF-8"?>
<testsuite name="MainShopTest" tests="1" skipped="0" failures="0" errors="0" timestamp="2022-05-07T16:25:34" hostname="DESKTOP-1LMGFQO" time="0.029">
  <properties/>
  <testcase name="calculateTotalCost()" classname="MainShopTest" time="0.029"/>
  <system-out><![CDATA[]]></system-out>
  <system-err><![CDATA[]]></system-err>
</testsuite>
