<?xml version="1.0" encoding="UTF-8"?>
<testsuite name="MainShopTest" tests="1" skipped="0" failures="0" errors="0" timestamp="2022-05-09T18:48:17" hostname="DESKTOP-1LMGFQO" time="0.014">
  <properties/>
  <testcase name="calculateTotalCost()" classname="MainShopTest" time="0.014"/>
  <system-out><![CDATA[]]></system-out>
  <system-err><![CDATA[]]></system-err>
</testsuite>
