<?xml version="1.0" encoding="UTF-8"?>
<testsuite name="MainShopTest" tests="2" skipped="0" failures="0" errors="0" timestamp="2022-05-11T11:02:28" hostname="DESKTOP-1LMGFQO" time="0.028">
  <properties/>
  <testcase name="test_exception()" classname="MainShopTest" time="0.026"/>
  <testcase name="calculateTotalCost()" classname="MainShopTest" time="0.002"/>
  <system-out><![CDATA[Wrong input
]]></system-out>
  <system-err><![CDATA[]]></system-err>
</testsuite>
