<?xml version="1.0" encoding="UTF-8"?>
<testsuite name="MainShopTest" tests="1" skipped="0" failures="0" errors="0" timestamp="2022-05-09T18:35:28" hostname="DESKTOP-1LMGFQO" time="0.027">
  <properties/>
  <testcase name="test_exception()" classname="MainShopTest" time="0.027"/>
  <system-out><![CDATA[Wrong input
]]></system-out>
  <system-err><![CDATA[]]></system-err>
</testsuite>
